
> @tomic/data-browser@0.41.0-beta.0 start /Users/joep/dev/github/atomicdata-dev/atomic-server/browser/data-browser
> vite


  VITE v8.0.0  ready in 1634 ms

  ➜  Local:   http://localhost:5173/
  ➜  Network: http://192.168.0.169:5173/
  ➜  Network: http://192.168.139.3:5173/
  ➜  Network: http://192.168.194.0:5173/
  ➜  Network: http://192.168.215.0:5173/
  ➜  press h + enter to show help
node:events:485
      throw er; // Unhandled 'error' event
      ^

Error: read EIO
    at TTY.onStreamRead (node:internal/stream_base_commons:216:20)
Emitted 'error' event on Interface instance at:
    at ReadStream.onerror (node:internal/readline/interface:243:10)
    at ReadStream.emit (node:events:507:28)
    at emitErrorNT (node:internal/streams/destroy:170:8)
    at emitErrorCloseNT (node:internal/streams/destroy:129:3)
    at process.processTicksAndRejections (node:internal/process/task_queues:90:21) {
  errno: -5,
  code: 'EIO',
  syscall: 'read'
}

Node.js v23.11.0
